[2026-05-25 18:00:12.510] [jointLog] [info] setting maxHashResizeThreads to 12
[2026-05-25 18:00:12.510] [jointLog] [info] Fragment incompatibility prior below threshold.  Incompatible fragments will be ignored.
[2026-05-25 18:00:12.510] [jointLog] [info] Usage of --validateMappings implies use of minScoreFraction. Since not explicitly specified, it is being set to 0.65
[2026-05-25 18:00:12.510] [jointLog] [info] Setting consensusSlack to selective-alignment default of 0.35.
[2026-05-25 18:00:12.510] [jointLog] [info] parsing read library format
[2026-05-25 18:00:12.510] [jointLog] [info] There is 1 library.
[2026-05-25 18:00:12.510] [jointLog] [info] Loading pufferfish index
[2026-05-25 18:00:12.510] [jointLog] [info] Loading dense pufferfish index.
[2026-05-25 18:00:22.426] [jointLog] [info] done
[2026-05-25 18:00:22.505] [jointLog] [info] Index contained 252,085 targets
[2026-05-25 18:00:22.551] [jointLog] [info] Number of decoys : 0
[2026-05-25 18:00:22.799] [jointLog] [info] Automatically detected most likely library type as ISR

[2026-05-25 18:02:00.838] [jointLog] [info] Thread saw mini-batch with a maximum of 2.48% zero probability fragments
[2026-05-25 18:02:00.842] [jointLog] [info] Thread saw mini-batch with a maximum of 2.54% zero probability fragments
[2026-05-25 18:02:00.844] [jointLog] [info] Thread saw mini-batch with a maximum of 2.50% zero probability fragments
[2026-05-25 18:02:00.854] [jointLog] [info] Thread saw mini-batch with a maximum of 2.56% zero probability fragments
[2026-05-25 18:02:00.858] [jointLog] [info] Thread saw mini-batch with a maximum of 2.62% zero probability fragments
[2026-05-25 18:02:00.858] [jointLog] [info] Thread saw mini-batch with a maximum of 2.70% zero probability fragments
[2026-05-25 18:02:00.861] [jointLog] [info] Thread saw mini-batch with a maximum of 2.50% zero probability fragments
[2026-05-25 18:02:00.894] [jointLog] [info] Thread saw mini-batch with a maximum of 2.50% zero probability fragments
[2026-05-25 18:02:00.903] [jointLog] [info] Thread saw mini-batch with a maximum of 2.56% zero probability fragments
[2026-05-25 18:02:00.904] [jointLog] [info] Thread saw mini-batch with a maximum of 2.48% zero probability fragments
[2026-05-25 18:02:00.918] [jointLog] [info] Thread saw mini-batch with a maximum of 2.54% zero probability fragments
[2026-05-25 18:02:00.925] [jointLog] [info] Thread saw mini-batch with a maximum of 2.68% zero probability fragments
[2026-05-25 18:02:01.131] [jointLog] [info] Computed 280,426 rich equivalence classes for further processing
[2026-05-25 18:02:01.131] [jointLog] [info] Counted 31,163,996 total reads in the equivalence classes 
[2026-05-25 18:02:01.139] [jointLog] [info] Number of mappings discarded because of alignment score : 9,155,875
[2026-05-25 18:02:01.139] [jointLog] [info] Number of fragments entirely discarded because of alignment score : 215,306
[2026-05-25 18:02:01.139] [jointLog] [info] Number of fragments discarded because they are best-mapped to decoys : 0
[2026-05-25 18:02:01.139] [jointLog] [info] Number of fragments discarded because they have only dovetail (discordant) mappings to valid targets : 76,269
[2026-05-25 18:02:01.139] [jointLog] [info] Mapping rate = 94.0387%

[2026-05-25 18:02:01.139] [jointLog] [info] finished quantifyLibrary()
[2026-05-25 18:02:01.139] [jointLog] [info] Starting optimizer
[2026-05-25 18:02:01.216] [jointLog] [info] Marked 0 weighted equivalence classes as degenerate
[2026-05-25 18:02:01.228] [jointLog] [info] iteration = 0 | max rel diff. = 4638.97
[2026-05-25 18:02:01.131] [fileLog] [info] 
At end of round 0
==================
Observed 33139553 total fragments (33139553 in most recent round)

[2026-05-25 18:02:02.415] [jointLog] [info] iteration = 100 | max rel diff. = 20.1324
[2026-05-25 18:02:03.579] [jointLog] [info] iteration = 200 | max rel diff. = 9.62173
[2026-05-25 18:02:04.740] [jointLog] [info] iteration = 300 | max rel diff. = 4.48019
[2026-05-25 18:02:05.901] [jointLog] [info] iteration = 400 | max rel diff. = 0.459591
[2026-05-25 18:02:07.061] [jointLog] [info] iteration = 500 | max rel diff. = 0.694971
[2026-05-25 18:02:08.250] [jointLog] [info] iteration = 600 | max rel diff. = 0.557053
[2026-05-25 18:02:09.416] [jointLog] [info] iteration = 700 | max rel diff. = 0.631985
[2026-05-25 18:02:10.578] [jointLog] [info] iteration = 800 | max rel diff. = 0.134097
[2026-05-25 18:02:11.740] [jointLog] [info] iteration = 900 | max rel diff. = 0.288639
[2026-05-25 18:02:12.903] [jointLog] [info] iteration = 1,000 | max rel diff. = 0.0797798
[2026-05-25 18:02:14.062] [jointLog] [info] iteration = 1,100 | max rel diff. = 0.178798
[2026-05-25 18:02:15.224] [jointLog] [info] iteration = 1,200 | max rel diff. = 0.0548586
[2026-05-25 18:02:16.386] [jointLog] [info] iteration = 1,300 | max rel diff. = 0.0411363
[2026-05-25 18:02:17.544] [jointLog] [info] iteration = 1,400 | max rel diff. = 0.101459
[2026-05-25 18:02:18.708] [jointLog] [info] iteration = 1,500 | max rel diff. = 0.158383
[2026-05-25 18:02:19.868] [jointLog] [info] iteration = 1,600 | max rel diff. = 0.0475484
[2026-05-25 18:02:21.027] [jointLog] [info] iteration = 1,700 | max rel diff. = 0.0145094
[2026-05-25 18:02:21.730] [jointLog] [info] iteration = 1,761 | max rel diff. = 0.0089621
[2026-05-25 18:02:21.735] [jointLog] [info] Finished optimizer
[2026-05-25 18:02:21.735] [jointLog] [info] writing output 

