[2026-05-25 18:03:51.383] [jointLog] [info] setting maxHashResizeThreads to 12
[2026-05-25 18:03:51.383] [jointLog] [info] Fragment incompatibility prior below threshold.  Incompatible fragments will be ignored.
[2026-05-25 18:03:51.383] [jointLog] [info] Usage of --validateMappings implies use of minScoreFraction. Since not explicitly specified, it is being set to 0.65
[2026-05-25 18:03:51.383] [jointLog] [info] Setting consensusSlack to selective-alignment default of 0.35.
[2026-05-25 18:03:51.383] [jointLog] [info] parsing read library format
[2026-05-25 18:03:51.383] [jointLog] [info] There is 1 library.
[2026-05-25 18:03:51.383] [jointLog] [info] Loading pufferfish index
[2026-05-25 18:03:51.383] [jointLog] [info] Loading dense pufferfish index.
[2026-05-25 18:04:01.230] [jointLog] [info] done
[2026-05-25 18:04:01.319] [jointLog] [info] Index contained 252,085 targets
[2026-05-25 18:04:01.365] [jointLog] [info] Number of decoys : 0
[2026-05-25 18:04:01.699] [jointLog] [info] Automatically detected most likely library type as ISR

[2026-05-25 18:05:15.948] [jointLog] [info] Thread saw mini-batch with a maximum of 1.48% zero probability fragments
[2026-05-25 18:05:15.950] [jointLog] [info] Thread saw mini-batch with a maximum of 1.48% zero probability fragments
[2026-05-25 18:05:15.953] [jointLog] [info] Thread saw mini-batch with a maximum of 1.54% zero probability fragments
[2026-05-25 18:05:15.954] [jointLog] [info] Thread saw mini-batch with a maximum of 1.60% zero probability fragments
[2026-05-25 18:05:15.962] [jointLog] [info] Thread saw mini-batch with a maximum of 1.54% zero probability fragments
[2026-05-25 18:05:15.974] [jointLog] [info] Thread saw mini-batch with a maximum of 1.54% zero probability fragments
[2026-05-25 18:05:15.976] [jointLog] [info] Thread saw mini-batch with a maximum of 1.56% zero probability fragments
[2026-05-25 18:05:15.980] [jointLog] [info] Thread saw mini-batch with a maximum of 1.42% zero probability fragments
[2026-05-25 18:05:15.980] [jointLog] [info] Thread saw mini-batch with a maximum of 1.54% zero probability fragments
[2026-05-25 18:05:15.984] [jointLog] [info] Thread saw mini-batch with a maximum of 1.46% zero probability fragments
[2026-05-25 18:05:15.991] [jointLog] [info] Thread saw mini-batch with a maximum of 1.46% zero probability fragments
[2026-05-25 18:05:16.031] [jointLog] [info] Thread saw mini-batch with a maximum of 1.60% zero probability fragments
[2026-05-25 18:05:16.280] [jointLog] [info] Computed 437,286 rich equivalence classes for further processing
[2026-05-25 18:05:16.280] [jointLog] [info] Counted 22,476,854 total reads in the equivalence classes 
[2026-05-25 18:05:16.289] [jointLog] [info] Number of mappings discarded because of alignment score : 5,959,309
[2026-05-25 18:05:16.289] [jointLog] [info] Number of fragments entirely discarded because of alignment score : 148,781
[2026-05-25 18:05:16.289] [jointLog] [info] Number of fragments discarded because they are best-mapped to decoys : 0
[2026-05-25 18:05:16.289] [jointLog] [info] Number of fragments discarded because they have only dovetail (discordant) mappings to valid targets : 60,803
[2026-05-25 18:05:16.289] [jointLog] [info] Mapping rate = 95.22%

[2026-05-25 18:05:16.289] [jointLog] [info] finished quantifyLibrary()
[2026-05-25 18:05:16.289] [jointLog] [info] Starting optimizer
[2026-05-25 18:05:16.387] [jointLog] [info] Marked 0 weighted equivalence classes as degenerate
[2026-05-25 18:05:16.404] [jointLog] [info] iteration = 0 | max rel diff. = 4902.39
[2026-05-25 18:05:16.280] [fileLog] [info] 
At end of round 0
==================
Observed 23605183 total fragments (23605183 in most recent round)

[2026-05-25 18:05:17.979] [jointLog] [info] iteration = 100 | max rel diff. = 19.9078
[2026-05-25 18:05:19.531] [jointLog] [info] iteration = 200 | max rel diff. = 9.18427
[2026-05-25 18:05:21.105] [jointLog] [info] iteration = 300 | max rel diff. = 11.0057
[2026-05-25 18:05:22.660] [jointLog] [info] iteration = 400 | max rel diff. = 9.29559
[2026-05-25 18:05:24.213] [jointLog] [info] iteration = 500 | max rel diff. = 0.552365
[2026-05-25 18:05:25.766] [jointLog] [info] iteration = 600 | max rel diff. = 1.62885
[2026-05-25 18:05:27.319] [jointLog] [info] iteration = 700 | max rel diff. = 2.4746
[2026-05-25 18:05:28.876] [jointLog] [info] iteration = 800 | max rel diff. = 0.312551
[2026-05-25 18:05:30.428] [jointLog] [info] iteration = 900 | max rel diff. = 3.60869
[2026-05-25 18:05:31.980] [jointLog] [info] iteration = 1,000 | max rel diff. = 0.5705
[2026-05-25 18:05:33.535] [jointLog] [info] iteration = 1,100 | max rel diff. = 0.0654346
[2026-05-25 18:05:35.091] [jointLog] [info] iteration = 1,200 | max rel diff. = 0.0928547
[2026-05-25 18:05:36.617] [jointLog] [info] iteration = 1,299 | max rel diff. = 0.00745543
[2026-05-25 18:05:36.622] [jointLog] [info] Finished optimizer
[2026-05-25 18:05:36.622] [jointLog] [info] writing output 

