[2026-05-25 17:52:11.513] [jointLog] [info] setting maxHashResizeThreads to 12
[2026-05-25 17:52:11.513] [jointLog] [info] Fragment incompatibility prior below threshold.  Incompatible fragments will be ignored.
[2026-05-25 17:52:11.513] [jointLog] [info] Usage of --validateMappings implies use of minScoreFraction. Since not explicitly specified, it is being set to 0.65
[2026-05-25 17:52:11.513] [jointLog] [info] Setting consensusSlack to selective-alignment default of 0.35.
[2026-05-25 17:52:11.513] [jointLog] [info] parsing read library format
[2026-05-25 17:52:11.513] [jointLog] [info] There is 1 library.
[2026-05-25 17:52:11.514] [jointLog] [info] Loading pufferfish index
[2026-05-25 17:52:11.514] [jointLog] [info] Loading dense pufferfish index.
[2026-05-25 17:52:12.740] [jointLog] [info] done
[2026-05-25 17:52:12.807] [jointLog] [info] Index contained 252,085 targets
[2026-05-25 17:52:12.852] [jointLog] [info] Number of decoys : 0
[2026-05-25 17:52:13.261] [jointLog] [info] Automatically detected most likely library type as ISR

[2026-05-25 17:54:14.699] [jointLog] [info] Thread saw mini-batch with a maximum of 5.88% zero probability fragments
[2026-05-25 17:54:14.703] [jointLog] [info] Thread saw mini-batch with a maximum of 5.88% zero probability fragments
[2026-05-25 17:54:14.735] [jointLog] [info] Thread saw mini-batch with a maximum of 5.82% zero probability fragments
[2026-05-25 17:54:14.750] [jointLog] [info] Thread saw mini-batch with a maximum of 5.74% zero probability fragments
[2026-05-25 17:54:14.768] [jointLog] [info] Thread saw mini-batch with a maximum of 5.76% zero probability fragments
[2026-05-25 17:54:14.777] [jointLog] [info] Thread saw mini-batch with a maximum of 5.80% zero probability fragments
[2026-05-25 17:54:14.779] [jointLog] [info] Thread saw mini-batch with a maximum of 5.88% zero probability fragments
[2026-05-25 17:54:14.782] [jointLog] [info] Thread saw mini-batch with a maximum of 5.90% zero probability fragments
[2026-05-25 17:54:14.784] [jointLog] [info] Thread saw mini-batch with a maximum of 5.68% zero probability fragments
[2026-05-25 17:54:14.788] [jointLog] [info] Thread saw mini-batch with a maximum of 5.98% zero probability fragments
[2026-05-25 17:54:14.789] [jointLog] [info] Thread saw mini-batch with a maximum of 5.74% zero probability fragments
[2026-05-25 17:54:14.794] [jointLog] [info] Thread saw mini-batch with a maximum of 5.82% zero probability fragments
[2026-05-25 17:54:14.938] [jointLog] [info] Computed 228,458 rich equivalence classes for further processing
[2026-05-25 17:54:14.938] [jointLog] [info] Counted 25,698,506 total reads in the equivalence classes 
[2026-05-25 17:54:14.947] [jointLog] [info] Number of mappings discarded because of alignment score : 8,007,078
[2026-05-25 17:54:14.947] [jointLog] [info] Number of fragments entirely discarded because of alignment score : 187,925
[2026-05-25 17:54:14.947] [jointLog] [info] Number of fragments discarded because they are best-mapped to decoys : 0
[2026-05-25 17:54:14.947] [jointLog] [info] Number of fragments discarded because they have only dovetail (discordant) mappings to valid targets : 66,037
[2026-05-25 17:54:14.947] [jointLog] [info] Mapping rate = 90.6821%

[2026-05-25 17:54:14.947] [jointLog] [info] finished quantifyLibrary()
[2026-05-25 17:54:14.947] [jointLog] [info] Starting optimizer
[2026-05-25 17:54:15.014] [jointLog] [info] Marked 0 weighted equivalence classes as degenerate
[2026-05-25 17:54:15.025] [jointLog] [info] iteration = 0 | max rel diff. = 4948.66
[2026-05-25 17:54:14.939] [fileLog] [info] 
At end of round 0
==================
Observed 28339130 total fragments (28339130 in most recent round)

[2026-05-25 17:54:16.072] [jointLog] [info] iteration = 100 | max rel diff. = 19.0334
[2026-05-25 17:54:17.099] [jointLog] [info] iteration = 200 | max rel diff. = 16.9708
[2026-05-25 17:54:18.127] [jointLog] [info] iteration = 300 | max rel diff. = 14.6497
[2026-05-25 17:54:19.153] [jointLog] [info] iteration = 400 | max rel diff. = 1.94574
[2026-05-25 17:54:20.187] [jointLog] [info] iteration = 500 | max rel diff. = 0.921113
[2026-05-25 17:54:21.254] [jointLog] [info] iteration = 600 | max rel diff. = 0.337151
[2026-05-25 17:54:22.286] [jointLog] [info] iteration = 700 | max rel diff. = 2.30534
[2026-05-25 17:54:23.317] [jointLog] [info] iteration = 800 | max rel diff. = 3.55935
[2026-05-25 17:54:24.368] [jointLog] [info] iteration = 900 | max rel diff. = 0.128971
[2026-05-25 17:54:25.390] [jointLog] [info] iteration = 1,000 | max rel diff. = 0.142792
[2026-05-25 17:54:26.412] [jointLog] [info] iteration = 1,100 | max rel diff. = 1.61472
[2026-05-25 17:54:27.436] [jointLog] [info] iteration = 1,200 | max rel diff. = 0.0618628
[2026-05-25 17:54:28.462] [jointLog] [info] iteration = 1,300 | max rel diff. = 0.0906722
[2026-05-25 17:54:29.495] [jointLog] [info] iteration = 1,400 | max rel diff. = 0.0269386
[2026-05-25 17:54:30.523] [jointLog] [info] iteration = 1,500 | max rel diff. = 0.0150975
[2026-05-25 17:54:31.262] [jointLog] [info] iteration = 1,573 | max rel diff. = 0.00528101
[2026-05-25 17:54:31.267] [jointLog] [info] Finished optimizer
[2026-05-25 17:54:31.267] [jointLog] [info] writing output 

