[2026-05-25 17:56:40.936] [jointLog] [info] setting maxHashResizeThreads to 12
[2026-05-25 17:56:40.936] [jointLog] [info] Fragment incompatibility prior below threshold.  Incompatible fragments will be ignored.
[2026-05-25 17:56:40.936] [jointLog] [info] Usage of --validateMappings implies use of minScoreFraction. Since not explicitly specified, it is being set to 0.65
[2026-05-25 17:56:40.936] [jointLog] [info] Setting consensusSlack to selective-alignment default of 0.35.
[2026-05-25 17:56:40.936] [jointLog] [info] parsing read library format
[2026-05-25 17:56:40.936] [jointLog] [info] There is 1 library.
[2026-05-25 17:56:40.936] [jointLog] [info] Loading pufferfish index
[2026-05-25 17:56:40.936] [jointLog] [info] Loading dense pufferfish index.
[2026-05-25 17:56:50.803] [jointLog] [info] done
[2026-05-25 17:56:50.877] [jointLog] [info] Index contained 252,085 targets
[2026-05-25 17:56:50.922] [jointLog] [info] Number of decoys : 0
[2026-05-25 17:56:51.185] [jointLog] [info] Automatically detected most likely library type as ISR

[2026-05-25 17:58:44.268] [jointLog] [info] Thread saw mini-batch with a maximum of 5.26% zero probability fragments
[2026-05-25 17:58:44.287] [jointLog] [info] Thread saw mini-batch with a maximum of 5.28% zero probability fragments
[2026-05-25 17:58:44.289] [jointLog] [info] Thread saw mini-batch with a maximum of 5.44% zero probability fragments
[2026-05-25 17:58:44.297] [jointLog] [info] Thread saw mini-batch with a maximum of 5.44% zero probability fragments
[2026-05-25 17:58:44.301] [jointLog] [info] Thread saw mini-batch with a maximum of 5.60% zero probability fragments
[2026-05-25 17:58:44.308] [jointLog] [info] Thread saw mini-batch with a maximum of 5.30% zero probability fragments
[2026-05-25 17:58:44.309] [jointLog] [info] Thread saw mini-batch with a maximum of 5.58% zero probability fragments
[2026-05-25 17:58:44.316] [jointLog] [info] Thread saw mini-batch with a maximum of 5.38% zero probability fragments
[2026-05-25 17:58:44.320] [jointLog] [info] Thread saw mini-batch with a maximum of 5.36% zero probability fragments
[2026-05-25 17:58:44.322] [jointLog] [info] Thread saw mini-batch with a maximum of 5.40% zero probability fragments
[2026-05-25 17:58:44.326] [jointLog] [info] Thread saw mini-batch with a maximum of 5.44% zero probability fragments
[2026-05-25 17:58:44.329] [jointLog] [info] Thread saw mini-batch with a maximum of 5.30% zero probability fragments
[2026-05-25 17:58:44.549] [jointLog] [info] Computed 318,607 rich equivalence classes for further processing
[2026-05-25 17:58:44.549] [jointLog] [info] Counted 34,450,430 total reads in the equivalence classes 
[2026-05-25 17:58:44.559] [jointLog] [info] Number of mappings discarded because of alignment score : 10,528,806
[2026-05-25 17:58:44.559] [jointLog] [info] Number of fragments entirely discarded because of alignment score : 239,230
[2026-05-25 17:58:44.559] [jointLog] [info] Number of fragments discarded because they are best-mapped to decoys : 0
[2026-05-25 17:58:44.559] [jointLog] [info] Number of fragments discarded because they have only dovetail (discordant) mappings to valid targets : 91,584
[2026-05-25 17:58:44.559] [jointLog] [info] Mapping rate = 91.3121%

[2026-05-25 17:58:44.559] [jointLog] [info] finished quantifyLibrary()
[2026-05-25 17:58:44.559] [jointLog] [info] Starting optimizer
[2026-05-25 17:58:44.643] [jointLog] [info] Marked 0 weighted equivalence classes as degenerate
[2026-05-25 17:58:44.657] [jointLog] [info] iteration = 0 | max rel diff. = 4238.77
[2026-05-25 17:58:44.550] [fileLog] [info] 
At end of round 0
==================
Observed 37728213 total fragments (37728213 in most recent round)

[2026-05-25 17:58:45.936] [jointLog] [info] iteration = 100 | max rel diff. = 20.7462
[2026-05-25 17:58:47.189] [jointLog] [info] iteration = 200 | max rel diff. = 11.1526
[2026-05-25 17:58:48.439] [jointLog] [info] iteration = 300 | max rel diff. = 17.2354
[2026-05-25 17:58:49.693] [jointLog] [info] iteration = 400 | max rel diff. = 4.96075
[2026-05-25 17:58:50.944] [jointLog] [info] iteration = 500 | max rel diff. = 0.294547
[2026-05-25 17:58:52.198] [jointLog] [info] iteration = 600 | max rel diff. = 1.18605
[2026-05-25 17:58:53.459] [jointLog] [info] iteration = 700 | max rel diff. = 0.501581
[2026-05-25 17:58:54.713] [jointLog] [info] iteration = 800 | max rel diff. = 0.156044
[2026-05-25 17:58:55.964] [jointLog] [info] iteration = 900 | max rel diff. = 0.058276
[2026-05-25 17:58:57.223] [jointLog] [info] iteration = 1,000 | max rel diff. = 0.461423
[2026-05-25 17:58:58.484] [jointLog] [info] iteration = 1,100 | max rel diff. = 0.590201
[2026-05-25 17:58:59.739] [jointLog] [info] iteration = 1,200 | max rel diff. = 0.739976
[2026-05-25 17:59:00.987] [jointLog] [info] iteration = 1,300 | max rel diff. = 0.0660894
[2026-05-25 17:59:02.240] [jointLog] [info] iteration = 1,400 | max rel diff. = 0.371647
[2026-05-25 17:59:03.498] [jointLog] [info] iteration = 1,500 | max rel diff. = 0.429392
[2026-05-25 17:59:04.751] [jointLog] [info] iteration = 1,600 | max rel diff. = 0.0687911
[2026-05-25 17:59:06.005] [jointLog] [info] iteration = 1,700 | max rel diff. = 0.0783987
[2026-05-25 17:59:06.696] [jointLog] [info] iteration = 1,756 | max rel diff. = 0.00882091
[2026-05-25 17:59:06.700] [jointLog] [info] Finished optimizer
[2026-05-25 17:59:06.700] [jointLog] [info] writing output 

